2026-06-03 00:33:25,185 [INFO] Generated website CSV: 1020 records
2026-06-03 00:33:25,318 [INFO] Generated CRM JSON: 500 records
2026-06-03 00:33:25,357 [INFO] Generated ERP fixed-width: 250 records
2026-06-03 00:33:25,358 [INFO] Synthetic data generation complete.
2026-06-03 00:33:25,358 [INFO] ============================================================
2026-06-03 00:33:25,359 [INFO] SHOPSTREAM CUSTOMER DATA QUALITY PIPELINE
2026-06-03 00:33:25,360 [INFO] Run started: 2026-06-03T00:33:25.358787
2026-06-03 00:33:25,360 [INFO] ============================================================
2026-06-03 00:33:25,360 [INFO] ============================================================
2026-06-03 00:33:25,360 [INFO] STEP 1: Data Ingestion
2026-06-03 00:33:25,361 [INFO] Ingesting website CSV: data\raw\website_customers.csv
2026-06-03 00:33:25,391 [INFO]   Removed 20 test accounts
2026-06-03 00:33:25,393 [INFO]   Ingested 1000 records from website CSV
2026-06-03 00:33:25,395 [INFO] Ingesting CRM JSON: data\raw\crm_export.json
2026-06-03 00:33:25,408 [INFO]   Ingested 500 records from CRM JSON
2026-06-03 00:33:25,413 [INFO] Ingesting ERP fixed-width: data\raw\erp_customers.txt
2026-06-03 00:33:54,577 [INFO] Generated website CSV: 1020 records
2026-06-03 00:33:54,717 [INFO] Generated CRM JSON: 500 records
2026-06-03 00:33:54,759 [INFO] Generated ERP fixed-width: 250 records
2026-06-03 00:33:54,759 [INFO] Synthetic data generation complete.
2026-06-03 00:33:54,760 [INFO] ============================================================
2026-06-03 00:33:54,760 [INFO] SHOPSTREAM CUSTOMER DATA QUALITY PIPELINE
2026-06-03 00:33:54,760 [INFO] Run started: 2026-06-03T00:33:54.760172
2026-06-03 00:33:54,760 [INFO] ============================================================
2026-06-03 00:33:54,760 [INFO] ============================================================
2026-06-03 00:33:54,760 [INFO] STEP 1: Data Ingestion
2026-06-03 00:33:54,760 [INFO] Ingesting website CSV: data\raw\website_customers.csv
2026-06-03 00:33:54,781 [INFO]   Removed 20 test accounts
2026-06-03 00:33:54,782 [INFO]   Ingested 1000 records from website CSV
2026-06-03 00:33:54,783 [INFO] Ingesting CRM JSON: data\raw\crm_export.json
2026-06-03 00:33:54,795 [INFO]   Ingested 500 records from CRM JSON
2026-06-03 00:33:54,799 [INFO] Ingesting ERP fixed-width: data\raw\erp_customers.txt
2026-06-03 00:33:54,817 [INFO]   Ingested 250 records from ERP
2026-06-03 00:33:54,820 [INFO] Total records combined: 1750
2026-06-03 00:33:54,829 [INFO]   website: 1000 records
2026-06-03 00:33:54,831 [INFO]   crm: 500 records
2026-06-03 00:33:54,831 [INFO]   erp: 250 records
2026-06-03 00:33:54,831 [INFO] STEP 2: Cleaning & Standardization
2026-06-03 00:33:54,861 [INFO]   Invalid emails: 7
2026-06-03 00:33:54,861 [INFO]   Null regions after standardization: 271
2026-06-03 00:33:54,861 [INFO]   Records after cleaning: 1750
2026-06-03 00:33:54,861 [INFO] STEP 3: Deduplication
2026-06-03 00:33:58,853 [INFO]   Records before deduplication: 1750
2026-06-03 00:33:58,854 [INFO]   Duplicate records removed: 1032
2026-06-03 00:33:58,854 [INFO]   Records after deduplication: 718
2026-06-03 00:33:58,854 [INFO] STEP 4: Quality Validation
2026-06-03 00:33:58,881 [INFO] ============================================================
2026-06-03 00:33:58,881 [INFO] DATA QUALITY REPORT
2026-06-03 00:33:58,882 [INFO] ============================================================
2026-06-03 00:33:59,004 [INFO] ============================================================
2026-06-03 00:33:59,008 [INFO] ============================================================
2026-06-03 00:33:59,008 [INFO] STEP 5: Generating EDA visualization...
2026-06-03 00:34:10,418 [INFO]   EDA report saved: data\processed\customer_quality_report.png
2026-06-03 00:34:10,419 [INFO] STEP 6: Exporting Results
2026-06-03 00:35:01,955 [INFO] Generated website CSV: 1020 records
2026-06-03 00:35:02,378 [INFO] Generated CRM JSON: 500 records
2026-06-03 00:35:02,532 [INFO] Generated ERP fixed-width: 250 records
2026-06-03 00:35:02,534 [INFO] Synthetic data generation complete.
2026-06-03 00:35:02,535 [INFO] ============================================================
2026-06-03 00:35:02,535 [INFO] SHOPSTREAM CUSTOMER DATA QUALITY PIPELINE
2026-06-03 00:35:02,535 [INFO] Run started: 2026-06-03T00:35:02.535144
2026-06-03 00:35:02,536 [INFO] ============================================================
2026-06-03 00:35:02,537 [INFO] ============================================================
2026-06-03 00:35:02,537 [INFO] STEP 1: Data Ingestion
2026-06-03 00:35:02,537 [INFO] Ingesting website CSV: data\raw\website_customers.csv
2026-06-03 00:35:02,710 [INFO]   Removed 20 test accounts
2026-06-03 00:35:02,714 [INFO]   Ingested 1000 records from website CSV
2026-06-03 00:35:02,719 [INFO] Ingesting CRM JSON: data\raw\crm_export.json
2026-06-03 00:35:02,767 [INFO]   Ingested 500 records from CRM JSON
2026-06-03 00:35:02,774 [INFO] Ingesting ERP fixed-width: data\raw\erp_customers.txt
2026-06-03 00:35:02,841 [INFO]   Ingested 250 records from ERP
2026-06-03 00:35:02,858 [INFO] Total records combined: 1750
2026-06-03 00:35:02,888 [INFO]   website: 1000 records
2026-06-03 00:35:02,896 [INFO]   crm: 500 records
2026-06-03 00:35:02,898 [INFO]   erp: 250 records
2026-06-03 00:35:02,899 [INFO] STEP 2: Cleaning & Standardization
2026-06-03 00:35:03,025 [INFO]   Invalid emails: 7
2026-06-03 00:35:03,026 [INFO]   Null regions after standardization: 271
2026-06-03 00:35:03,026 [INFO]   Records after cleaning: 1750
2026-06-03 00:35:03,026 [INFO] STEP 3: Deduplication
2026-06-03 00:35:10,036 [INFO]   Records before deduplication: 1750
2026-06-03 00:35:10,037 [INFO]   Duplicate records removed: 1032
2026-06-03 00:35:10,037 [INFO]   Records after deduplication: 718
2026-06-03 00:35:10,037 [INFO] STEP 4: Quality Validation
2026-06-03 00:35:10,145 [INFO] ============================================================
2026-06-03 00:35:10,145 [INFO] DATA QUALITY REPORT
2026-06-03 00:35:10,145 [INFO] ============================================================
2026-06-03 00:35:10,146 [INFO]   [FAIL] NOT NULL: email: 0.6% (714 failed of 718)
2026-06-03 00:35:10,146 [INFO]   [PASS] NOT NULL: first_name: 100.0% (0 failed of 718)
2026-06-03 00:35:10,146 [INFO]   [PASS] NOT NULL: region: 95.5% (32 failed of 718)
2026-06-03 00:35:10,146 [INFO]   [FAIL] UNIQUE: email: 75.0% (1 failed of 4)
2026-06-03 00:35:10,146 [INFO]   [FAIL] REGEX: email: 0.0% (4 failed of 4)
2026-06-03 00:35:10,146 [INFO]   [PASS] VALUES IN SET: region: 100.0% (0 failed of 686)
2026-06-03 00:35:10,146 [INFO]   [PASS] DATE RANGE: registration_date: 100.0% (0 failed of 706)
2026-06-03 00:35:10,148 [INFO] ============================================================
2026-06-03 00:35:10,149 [INFO]   OVERALL: SOME CHECKS FAILED
2026-06-03 00:35:10,158 [INFO] ============================================================
2026-06-03 00:35:10,158 [INFO] STEP 5: Generating EDA visualization...
2026-06-03 00:35:15,214 [INFO]   EDA report saved: data\processed\customer_quality_report.png
2026-06-03 00:35:15,215 [INFO] STEP 6: Exporting Results
2026-06-03 00:35:16,251 [INFO]   Parquet export: data\processed\golden_customers.parquet (14.6 KB)
2026-06-03 00:35:16,502 [INFO]   CSV export: data\processed\golden_customers.csv
2026-06-03 00:35:16,517 [INFO]   Quality report: data\processed\quality_report.csv
2026-06-03 00:35:16,518 [INFO] ============================================================
2026-06-03 00:35:16,518 [INFO] PIPELINE COMPLETE
2026-06-03 00:35:16,518 [INFO]   Input records:           1,750
2026-06-03 00:35:16,518 [INFO]   Output (golden) records: 718
2026-06-03 00:35:16,518 [INFO]   Duplicates removed:      1,032
2026-06-03 00:35:16,523 [INFO]   Quality checks passed:   4/7
2026-06-03 00:35:16,523 [INFO]   Duration:                14.0s
2026-06-03 00:35:16,523 [INFO] ============================================================
2026-06-03 00:35:59,786 [INFO] Generated website CSV: 1020 records
2026-06-03 00:35:59,918 [INFO] Generated CRM JSON: 500 records
2026-06-03 00:35:59,971 [INFO] Generated ERP fixed-width: 250 records
2026-06-03 00:35:59,971 [INFO] Synthetic data generation complete.
2026-06-03 00:35:59,972 [INFO] ============================================================
2026-06-03 00:35:59,972 [INFO] SHOPSTREAM CUSTOMER DATA QUALITY PIPELINE
2026-06-03 00:35:59,972 [INFO] Run started: 2026-06-03T00:35:59.972168
2026-06-03 00:35:59,972 [INFO] ============================================================
2026-06-03 00:35:59,973 [INFO] ============================================================
2026-06-03 00:35:59,973 [INFO] STEP 1: Data Ingestion
2026-06-03 00:35:59,973 [INFO] Ingesting website CSV: data\raw\website_customers.csv
2026-06-03 00:36:00,163 [INFO]   Removed 20 test accounts
2026-06-03 00:36:00,171 [INFO]   Ingested 1000 records from website CSV
2026-06-03 00:36:00,179 [INFO] Ingesting CRM JSON: data\raw\crm_export.json
2026-06-03 00:36:00,230 [INFO]   Ingested 500 records from CRM JSON
2026-06-03 00:36:00,250 [INFO] Ingesting ERP fixed-width: data\raw\erp_customers.txt
2026-06-03 00:36:00,386 [INFO]   Ingested 250 records from ERP
2026-06-03 00:36:00,400 [INFO] Total records combined: 1750
2026-06-03 00:36:00,419 [INFO]   website: 1000 records
2026-06-03 00:36:00,426 [INFO]   crm: 500 records
2026-06-03 00:36:00,428 [INFO]   erp: 250 records
2026-06-03 00:36:00,429 [INFO] STEP 2: Cleaning & Standardization
2026-06-03 00:36:00,553 [INFO]   Invalid emails: 7
2026-06-03 00:36:00,553 [INFO]   Null regions after standardization: 271
2026-06-03 00:36:00,554 [INFO]   Records after cleaning: 1750
2026-06-03 00:36:00,554 [INFO] STEP 3: Deduplication
2026-06-03 00:36:05,882 [INFO]   Records before deduplication: 1750
2026-06-03 00:36:05,882 [INFO]   Duplicate records removed: 1032
2026-06-03 00:36:05,883 [INFO]   Records after deduplication: 718
2026-06-03 00:36:05,883 [INFO] STEP 4: Quality Validation
2026-06-03 00:36:05,903 [INFO] ============================================================
2026-06-03 00:36:05,903 [INFO] DATA QUALITY REPORT
2026-06-03 00:36:05,903 [INFO] ============================================================
2026-06-03 00:36:05,903 [INFO]   [PASS] NOT NULL: email: 99.6% (3 failed of 718)
2026-06-03 00:36:05,903 [INFO]   [PASS] NOT NULL: first_name: 100.0% (0 failed of 718)
2026-06-03 00:36:05,904 [INFO]   [PASS] NOT NULL: region: 95.5% (32 failed of 718)
2026-06-03 00:36:05,904 [INFO]   [PASS] UNIQUE: email: 99.9% (1 failed of 715)
2026-06-03 00:36:05,904 [INFO]   [PASS] REGEX: email: 99.4% (4 failed of 715)
2026-06-03 00:36:05,904 [INFO]   [PASS] VALUES IN SET: region: 100.0% (0 failed of 686)
2026-06-03 00:36:05,904 [INFO]   [PASS] DATE RANGE: registration_date: 100.0% (0 failed of 706)
2026-06-03 00:36:05,905 [INFO] ============================================================
2026-06-03 00:36:05,906 [INFO]   OVERALL: ALL CHECKS PASSED
2026-06-03 00:36:05,906 [INFO] ============================================================
2026-06-03 00:36:05,906 [INFO] STEP 5: Generating EDA visualization...
2026-06-03 00:36:08,613 [INFO]   EDA report saved: data\processed\customer_quality_report.png
2026-06-03 00:36:08,613 [INFO] STEP 6: Exporting Results
2026-06-03 00:36:08,723 [INFO]   Parquet export: data\processed\golden_customers.parquet (17.6 KB)
2026-06-03 00:36:08,740 [INFO]   CSV export: data\processed\golden_customers.csv
2026-06-03 00:36:08,743 [INFO]   Quality report: data\processed\quality_report.csv
2026-06-03 00:36:08,743 [INFO] ============================================================
2026-06-03 00:36:08,743 [INFO] PIPELINE COMPLETE
2026-06-03 00:36:08,743 [INFO]   Input records:           1,750
2026-06-03 00:36:08,743 [INFO]   Output (golden) records: 718
2026-06-03 00:36:08,744 [INFO]   Duplicates removed:      1,032
2026-06-03 00:36:08,748 [INFO]   Quality checks passed:   7/7
2026-06-03 00:36:08,748 [INFO]   Duration:                8.8s
2026-06-03 00:36:08,748 [INFO] ============================================================
2026-06-04 11:02:15,649 [INFO] Generated website CSV: 1020 records
2026-06-04 11:02:15,709 [INFO] Generated CRM JSON: 500 records
2026-06-04 11:02:15,736 [INFO] Generated ERP fixed-width: 250 records
2026-06-04 11:02:15,736 [INFO] Synthetic data generation complete.
2026-06-04 11:02:15,737 [INFO] ============================================================
2026-06-04 11:02:15,737 [INFO] SHOPSTREAM CUSTOMER DATA QUALITY PIPELINE
2026-06-04 11:02:15,737 [INFO] Run started: 2026-06-04T11:02:15.737007
2026-06-04 11:02:15,737 [INFO] ============================================================
2026-06-04 11:02:15,737 [INFO] ============================================================
2026-06-04 11:02:15,737 [INFO] STEP 1: Data Ingestion
2026-06-04 11:02:15,737 [INFO] Ingesting website CSV: data\raw\website_customers.csv
2026-06-04 11:02:15,766 [INFO]   Removed 20 test accounts
2026-06-04 11:02:15,768 [INFO]   Ingested 1000 records from website CSV
2026-06-04 11:02:15,769 [INFO] Ingesting CRM JSON: data\raw\crm_export.json
2026-06-04 11:02:15,776 [INFO]   Ingested 500 records from CRM JSON
2026-06-04 11:02:15,778 [INFO] Ingesting ERP fixed-width: data\raw\erp_customers.txt
2026-06-04 11:02:15,787 [INFO]   Ingested 250 records from ERP
2026-06-04 11:02:15,790 [INFO] Total records combined: 1750
2026-06-04 11:02:15,796 [INFO]   website: 1000 records
2026-06-04 11:02:15,797 [INFO]   crm: 500 records
2026-06-04 11:02:15,797 [INFO]   erp: 250 records
2026-06-04 11:02:15,797 [INFO] STEP 2: Cleaning & Standardization
2026-06-04 11:02:15,821 [INFO]   Invalid emails: 7
2026-06-04 11:02:15,822 [INFO]   Null regions after standardization: 271
2026-06-04 11:02:15,822 [INFO]   Records after cleaning: 1750
2026-06-04 11:02:15,822 [INFO] STEP 3: Deduplication
2026-06-04 11:02:16,857 [INFO]   Records before deduplication: 1750
2026-06-04 11:02:16,858 [INFO]   Duplicate records removed: 1032
2026-06-04 11:02:16,858 [INFO]   Records after deduplication: 718
2026-06-04 11:02:16,858 [INFO] STEP 4: Quality Validation
2026-06-04 11:02:16,864 [INFO] ============================================================
2026-06-04 11:02:16,864 [INFO] DATA QUALITY REPORT
2026-06-04 11:02:16,864 [INFO] ============================================================
2026-06-04 11:02:16,864 [INFO]   [PASS] NOT NULL: email: 99.6% (3 failed of 718)
2026-06-04 11:02:16,864 [INFO]   [PASS] NOT NULL: first_name: 100.0% (0 failed of 718)
2026-06-04 11:02:16,864 [INFO]   [PASS] NOT NULL: region: 95.5% (32 failed of 718)
2026-06-04 11:02:16,864 [INFO]   [PASS] UNIQUE: email: 99.9% (1 failed of 715)
2026-06-04 11:02:16,865 [INFO]   [PASS] REGEX: email: 99.4% (4 failed of 715)
2026-06-04 11:02:16,865 [INFO]   [PASS] VALUES IN SET: region: 100.0% (0 failed of 686)
2026-06-04 11:02:16,865 [INFO]   [PASS] DATE RANGE: registration_date: 100.0% (0 failed of 706)
2026-06-04 11:02:16,865 [INFO] ============================================================
2026-06-04 11:02:16,865 [INFO]   OVERALL: ALL CHECKS PASSED
2026-06-04 11:02:16,865 [INFO] ============================================================
2026-06-04 11:02:16,865 [INFO] STEP 5: Generating EDA visualization...
2026-06-04 11:02:18,480 [INFO]   EDA report saved: data\processed\customer_quality_report.png
2026-06-04 11:02:18,480 [INFO] STEP 6: Exporting Results
2026-06-04 11:02:18,533 [INFO]   Parquet export: data\processed\golden_customers.parquet (17.6 KB)
2026-06-04 11:02:18,540 [INFO]   CSV export: data\processed\golden_customers.csv
2026-06-04 11:02:18,546 [INFO]   Quality report: data\processed\quality_report.csv
2026-06-04 11:02:18,546 [INFO] ============================================================
2026-06-04 11:02:18,546 [INFO] PIPELINE COMPLETE
2026-06-04 11:02:18,546 [INFO]   Input records:           1,750
2026-06-04 11:02:18,546 [INFO]   Output (golden) records: 718
2026-06-04 11:02:18,546 [INFO]   Duplicates removed:      1,032
2026-06-04 11:02:18,547 [INFO]   Quality checks passed:   7/7
2026-06-04 11:02:18,548 [INFO]   Duration:                2.8s
2026-06-04 11:02:18,548 [INFO] ============================================================
2026-06-04 19:00:56,438 [INFO] Generated website CSV: 1020 records
2026-06-04 19:00:56,666 [INFO] Generated CRM JSON: 500 records
2026-06-04 19:00:56,745 [INFO] Generated ERP fixed-width: 250 records
2026-06-04 19:00:56,746 [INFO] Synthetic data generation complete.
2026-06-04 19:00:56,746 [INFO] ============================================================
2026-06-04 19:00:56,746 [INFO] SHOPSTREAM CUSTOMER DATA QUALITY PIPELINE
2026-06-04 19:00:56,746 [INFO] Run started: 2026-06-04T19:00:56.746425
2026-06-04 19:00:56,746 [INFO] ============================================================
2026-06-04 19:00:56,746 [INFO] ============================================================
2026-06-04 19:00:56,746 [INFO] STEP 1: Data Ingestion
2026-06-04 19:00:56,746 [INFO] Ingesting website CSV: data\raw\website_customers.csv
2026-06-04 19:00:56,821 [INFO]   Removed 20 test accounts
2026-06-04 19:00:56,823 [INFO]   Ingested 1000 records from website CSV
2026-06-04 19:00:56,827 [INFO] Ingesting CRM JSON: data\raw\crm_export.json
2026-06-04 19:00:56,861 [INFO]   Ingested 500 records from CRM JSON
2026-06-04 19:00:56,865 [INFO] Ingesting ERP fixed-width: data\raw\erp_customers.txt
2026-06-04 19:00:56,892 [INFO]   Ingested 250 records from ERP
2026-06-04 19:00:56,900 [INFO] Total records combined: 1750
2026-06-04 19:00:56,910 [INFO]   website: 1000 records
2026-06-04 19:00:56,911 [INFO]   crm: 500 records
2026-06-04 19:00:56,912 [INFO]   erp: 250 records
2026-06-04 19:00:56,912 [INFO] STEP 2: Cleaning & Standardization
2026-06-04 19:00:56,973 [INFO]   Invalid emails: 7
2026-06-04 19:00:56,973 [INFO]   Null regions after standardization: 271
2026-06-04 19:00:56,973 [INFO]   Records after cleaning: 1750
2026-06-04 19:00:56,974 [INFO] STEP 3: Deduplication
2026-06-04 19:01:01,913 [INFO]   Records before deduplication: 1750
2026-06-04 19:01:01,913 [INFO]   Duplicate records removed: 1032
2026-06-04 19:01:01,913 [INFO]   Records after deduplication: 718
2026-06-04 19:01:01,913 [INFO] STEP 4: Quality Validation
2026-06-04 19:01:01,976 [INFO] ============================================================
2026-06-04 19:01:01,976 [INFO] DATA QUALITY REPORT
2026-06-04 19:01:01,976 [INFO] ============================================================
2026-06-04 19:01:01,976 [INFO]   [PASS] NOT NULL: email: 99.6% (3 failed of 718)
2026-06-04 19:01:01,977 [INFO]   [PASS] NOT NULL: first_name: 100.0% (0 failed of 718)
2026-06-04 19:01:01,977 [INFO]   [PASS] NOT NULL: region: 95.5% (32 failed of 718)
2026-06-04 19:01:01,977 [INFO]   [PASS] UNIQUE: email: 99.9% (1 failed of 715)
2026-06-04 19:01:01,977 [INFO]   [PASS] REGEX: email: 99.4% (4 failed of 715)
2026-06-04 19:01:01,978 [INFO]   [PASS] VALUES IN SET: region: 100.0% (0 failed of 686)
2026-06-04 19:01:01,978 [INFO]   [PASS] DATE RANGE: registration_date: 100.0% (0 failed of 706)
2026-06-04 19:01:01,988 [INFO] ============================================================
2026-06-04 19:01:01,991 [INFO]   OVERALL: ALL CHECKS PASSED
2026-06-04 19:01:01,991 [INFO] ============================================================
2026-06-04 19:01:01,991 [INFO] STEP 5: Generating EDA visualization...
2026-06-04 19:01:06,572 [INFO]   EDA report saved: data\processed\customer_quality_report.png
2026-06-04 19:01:06,572 [INFO] STEP 6: Exporting Results
2026-06-04 19:01:06,679 [INFO]   Parquet export: data\processed\golden_customers.parquet (17.6 KB)
2026-06-04 19:01:06,708 [INFO]   CSV export: data\processed\golden_customers.csv
2026-06-04 19:01:06,712 [INFO]   Quality report: data\processed\quality_report.csv
2026-06-04 19:01:06,713 [INFO] ============================================================
2026-06-04 19:01:06,713 [INFO] PIPELINE COMPLETE
2026-06-04 19:01:06,713 [INFO]   Input records:           1,750
2026-06-04 19:01:06,713 [INFO]   Output (golden) records: 718
2026-06-04 19:01:06,713 [INFO]   Duplicates removed:      1,032
2026-06-04 19:01:06,715 [INFO]   Quality checks passed:   7/7
2026-06-04 19:01:06,716 [INFO]   Duration:                10.0s
2026-06-04 19:01:06,717 [INFO] ============================================================
